<?xml version="1.0" encoding="UTF-8"?>
<testsuite xmlns:xsi="http://www.w3.org/2001/XMLSchema-instance" xsi:noNamespaceSchemaLocation="https://maven.apache.org/surefire/maven-surefire-plugin/xsd/surefire-test-report-3.0.xsd" version="3.0" name="com.itfac.qa.runners.TestRunner" time="40.969" tests="13" errors="0" skipped="0" failures="0">
  <properties>
[...]
</properties>
  <testcase name="Verify Admin can create a new category successfully" classname="Category Management UI" time="5.815">
    <system-out><![CDATA[
@UI
Scenario: Verify Admin can create a new category successfully         # src/test/resources/features/ui/Category_UI.feature:12
  Given I open the application                                        # com.itfac.qa.stepDefinitions.ui.CategoryUiSteps.i_open_the_application()
  And I am logged in as "Admin"                                       # com.itfac.qa.stepDefinitions.ui.CategoryUiSteps.i_am_logged_in_as_role(java.lang.String)
  And I navigate to the "Categories" page                             # com.itfac.qa.stepDefinitions.ui.CategoryUiSteps.i_navigate_to_page(java.lang.String)
  When I click the "Add Category" button                              # com.itfac.qa.stepDefinitions.ui.CategoryUiSteps.i_click_button(java.lang.String)
  And I enter "TestCat" in the category name field                    # com.itfac.qa.stepDefinitions.ui.CategoryUiSteps.i_enter_name(java.lang.String)
  And I click the "Save" button                                       # com.itfac.qa.stepDefinitions.ui.CategoryUiSteps.i_click_button(java.lang.String)
  Then I should see a success message "Category created successfully" # com.itfac.qa.stepDefinitions.ui.CategoryUiSteps.i_should_see_success(java.lang.String)
  And I should see "TestCat" in the category list                     # com.itfac.qa.stepDefinitions.ui.CategoryUiSteps.i_should_see_in_list(java.lang.String)
]]></system-out>
    <system-err><![CDATA[Feb 06, 2026 11:09:42 AM org.openqa.selenium.devtools.CdpVersionFinder findNearestMatch
WARNING: Unable to find CDP implementation matching 144
Feb 06, 2026 11:09:42 AM org.openqa.selenium.chromium.ChromiumDriver lambda$new$5
WARNING: Unable to find version of CDP to use for 144.0.7559.133. You may need to include a dependency on a specific version of the CDP using something similar to `org.seleniumhq.selenium:selenium-devtools-v86:4.16.1` where the version ("v86") matches the version of the chromium-based browser you're using and the version number of the artifact is the same as Selenium's.
]]></system-err>
  </testcase>
  <testcase name="Verify Category Name Validation #1" classname="Category Management UI" time="2.781">
    <system-out><![CDATA[
@UI
Scenario Outline: Verify Category Name Validation                                           # src/test/resources/features/ui/Category_UI.feature:27
  Given I open the application                                                              # com.itfac.qa.stepDefinitions.ui.CategoryUiSteps.i_open_the_application()
  And I am logged in as "Admin"                                                             # com.itfac.qa.stepDefinitions.ui.CategoryUiSteps.i_am_logged_in_as_role(java.lang.String)
  And I navigate to the "Categories" page                                                   # com.itfac.qa.stepDefinitions.ui.CategoryUiSteps.i_navigate_to_page(java.lang.String)
  When I click the "Add Category" button                                                    # com.itfac.qa.stepDefinitions.ui.CategoryUiSteps.i_click_button(java.lang.String)
  And I enter "AB" in the category name field                                               # com.itfac.qa.stepDefinitions.ui.CategoryUiSteps.i_enter_name(java.lang.String)
  And I click the "Save" button                                                             # com.itfac.qa.stepDefinitions.ui.CategoryUiSteps.i_click_button(java.lang.String)
  Then I should see a validation error "Category name must be between 3 and 10 characters." # com.itfac.qa.stepDefinitions.ui.CategoryUiSteps.i_should_see_error(java.lang.String)
]]></system-out>
    <system-err><![CDATA[Feb 06, 2026 11:09:46 AM org.openqa.selenium.devtools.CdpVersionFinder findNearestMatch
WARNING: Unable to find CDP implementation matching 144
Feb 06, 2026 11:09:46 AM org.openqa.selenium.chromium.ChromiumDriver lambda$new$5
WARNING: Unable to find version of CDP to use for 144.0.7559.133. You may need to include a dependency on a specific version of the CDP using something similar to `org.seleniumhq.selenium:selenium-devtools-v86:4.16.1` where the version ("v86") matches the version of the chromium-based browser you're using and the version number of the artifact is the same as Selenium's.
]]></system-err>
  </testcase>
  <testcase name="Verify Category Name Validation #2" classname="Category Management UI" time="2.686">
    <system-out><![CDATA[
@UI
Scenario Outline: Verify Category Name Validation                                           # src/test/resources/features/ui/Category_UI.feature:28
  Given I open the application                                                              # com.itfac.qa.stepDefinitions.ui.CategoryUiSteps.i_open_the_application()
  And I am logged in as "Admin"                                                             # com.itfac.qa.stepDefinitions.ui.CategoryUiSteps.i_am_logged_in_as_role(java.lang.String)
  And I navigate to the "Categories" page                                                   # com.itfac.qa.stepDefinitions.ui.CategoryUiSteps.i_navigate_to_page(java.lang.String)
  When I click the "Add Category" button                                                    # com.itfac.qa.stepDefinitions.ui.CategoryUiSteps.i_click_button(java.lang.String)
  And I enter "ThisNameIsTooLong" in the category name field                                # com.itfac.qa.stepDefinitions.ui.CategoryUiSteps.i_enter_name(java.lang.String)
  And I click the "Save" button                                                             # com.itfac.qa.stepDefinitions.ui.CategoryUiSteps.i_click_button(java.lang.String)
  Then I should see a validation error "Category name must be between 3 and 10 characters." # com.itfac.qa.stepDefinitions.ui.CategoryUiSteps.i_should_see_error(java.lang.String)
]]></system-out>
    <system-err><![CDATA[Feb 06, 2026 11:09:49 AM org.openqa.selenium.devtools.CdpVersionFinder findNearestMatch
WARNING: Unable to find CDP implementation matching 144
Feb 06, 2026 11:09:49 AM org.openqa.selenium.chromium.ChromiumDriver lambda$new$5
WARNING: Unable to find version of CDP to use for 144.0.7559.133. You may need to include a dependency on a specific version of the CDP using something similar to `org.seleniumhq.selenium:selenium-devtools-v86:4.16.1` where the version ("v86") matches the version of the chromium-based browser you're using and the version number of the artifact is the same as Selenium's.
]]></system-err>
  </testcase>
  <testcase name="Verify Category Name Validation #3" classname="Category Management UI" time="2.617">
    <system-out><![CDATA[
@UI
Scenario Outline: Verify Category Name Validation                   # src/test/resources/features/ui/Category_UI.feature:29
  Given I open the application                                      # com.itfac.qa.stepDefinitions.ui.CategoryUiSteps.i_open_the_application()
  And I am logged in as "Admin"                                     # com.itfac.qa.stepDefinitions.ui.CategoryUiSteps.i_am_logged_in_as_role(java.lang.String)
  And I navigate to the "Categories" page                           # com.itfac.qa.stepDefinitions.ui.CategoryUiSteps.i_navigate_to_page(java.lang.String)
  When I click the "Add Category" button                            # com.itfac.qa.stepDefinitions.ui.CategoryUiSteps.i_click_button(java.lang.String)
  And I enter "" in the category name field                         # com.itfac.qa.stepDefinitions.ui.CategoryUiSteps.i_enter_name(java.lang.String)
  And I click the "Save" button                                     # com.itfac.qa.stepDefinitions.ui.CategoryUiSteps.i_click_button(java.lang.String)
  Then I should see a validation error "Category name is required." # com.itfac.qa.stepDefinitions.ui.CategoryUiSteps.i_should_see_error(java.lang.String)
]]></system-out>
    <system-err><![CDATA[Feb 06, 2026 11:09:51 AM org.openqa.selenium.devtools.CdpVersionFinder findNearestMatch
WARNING: Unable to find CDP implementation matching 144
Feb 06, 2026 11:09:51 AM org.openqa.selenium.chromium.ChromiumDriver lambda$new$5
WARNING: Unable to find version of CDP to use for 144.0.7559.133. You may need to include a dependency on a specific version of the CDP using something similar to `org.seleniumhq.selenium:selenium-devtools-v86:4.16.1` where the version ("v86") matches the version of the chromium-based browser you're using and the version number of the artifact is the same as Selenium's.
]]></system-err>
  </testcase>
  <testcase name="Verify Admin can Edit an existing category" classname="Category Management UI" time="2.945">
    <system-out><![CDATA[
@UI
Scenario: Verify Admin can Edit an existing category                  # src/test/resources/features/ui/Category_UI.feature:31
  Given I open the application                                        # com.itfac.qa.stepDefinitions.ui.CategoryUiSteps.i_open_the_application()
  And I am logged in as "Admin"                                       # com.itfac.qa.stepDefinitions.ui.CategoryUiSteps.i_am_logged_in_as_role(java.lang.String)
  And I navigate to the "Categories" page                             # com.itfac.qa.stepDefinitions.ui.CategoryUiSteps.i_navigate_to_page(java.lang.String)
  When I click the "Edit" button for the category "TestCat"           # com.itfac.qa.stepDefinitions.ui.CategoryUiSteps.i_click_action_for_category(java.lang.String,java.lang.String)
  And I enter "CatUpdated" in the category name field                 # com.itfac.qa.stepDefinitions.ui.CategoryUiSteps.i_enter_name(java.lang.String)
  And I click the "Save" button                                       # com.itfac.qa.stepDefinitions.ui.CategoryUiSteps.i_click_button(java.lang.String)
  Then I should see a success message "Category updated successfully" # com.itfac.qa.stepDefinitions.ui.CategoryUiSteps.i_should_see_success(java.lang.String)
  And I should see "CatUpdated" in the category list                  # com.itfac.qa.stepDefinitions.ui.CategoryUiSteps.i_should_see_in_list(java.lang.String)
]]></system-out>
    <system-err><![CDATA[Feb 06, 2026 11:09:54 AM org.openqa.selenium.devtools.CdpVersionFinder findNearestMatch
WARNING: Unable to find CDP implementation matching 144
Feb 06, 2026 11:09:54 AM org.openqa.selenium.chromium.ChromiumDriver lambda$new$5
WARNING: Unable to find version of CDP to use for 144.0.7559.133. You may need to include a dependency on a specific version of the CDP using something similar to `org.seleniumhq.selenium:selenium-devtools-v86:4.16.1` where the version ("v86") matches the version of the chromium-based browser you're using and the version number of the artifact is the same as Selenium's.
]]></system-err>
  </testcase>
  <testcase name="Verify Category Edit Validation #1" classname="Category Management UI" time="2.662">
    <system-out><![CDATA[
@UI
Scenario Outline: Verify Category Edit Validation                                           # src/test/resources/features/ui/Category_UI.feature:46
  Given I open the application                                                              # com.itfac.qa.stepDefinitions.ui.CategoryUiSteps.i_open_the_application()
  And I am logged in as "Admin"                                                             # com.itfac.qa.stepDefinitions.ui.CategoryUiSteps.i_am_logged_in_as_role(java.lang.String)
  And I navigate to the "Categories" page                                                   # com.itfac.qa.stepDefinitions.ui.CategoryUiSteps.i_navigate_to_page(java.lang.String)
  When I click the "Edit" button for the category "CatUpdated"                              # com.itfac.qa.stepDefinitions.ui.CategoryUiSteps.i_click_action_for_category(java.lang.String,java.lang.String)
  And I enter "AB" in the category name field                                               # com.itfac.qa.stepDefinitions.ui.CategoryUiSteps.i_enter_name(java.lang.String)
  And I click the "Save" button                                                             # com.itfac.qa.stepDefinitions.ui.CategoryUiSteps.i_click_button(java.lang.String)
  Then I should see a validation error "Category name must be between 3 and 10 characters." # com.itfac.qa.stepDefinitions.ui.CategoryUiSteps.i_should_see_error(java.lang.String)
]]></system-out>
    <system-err><![CDATA[Feb 06, 2026 11:09:57 AM org.openqa.selenium.devtools.CdpVersionFinder findNearestMatch
WARNING: Unable to find CDP implementation matching 144
Feb 06, 2026 11:09:57 AM org.openqa.selenium.chromium.ChromiumDriver lambda$new$5
WARNING: Unable to find version of CDP to use for 144.0.7559.133. You may need to include a dependency on a specific version of the CDP using something similar to `org.seleniumhq.selenium:selenium-devtools-v86:4.16.1` where the version ("v86") matches the version of the chromium-based browser you're using and the version number of the artifact is the same as Selenium's.
]]></system-err>
  </testcase>
  <testcase name="Verify Category Edit Validation #2" classname="Category Management UI" time="2.931">
    <system-out><![CDATA[
@UI
Scenario Outline: Verify Category Edit Validation                                           # src/test/resources/features/ui/Category_UI.feature:47
  Given I open the application                                                              # com.itfac.qa.stepDefinitions.ui.CategoryUiSteps.i_open_the_application()
  And I am logged in as "Admin"                                                             # com.itfac.qa.stepDefinitions.ui.CategoryUiSteps.i_am_logged_in_as_role(java.lang.String)
  And I navigate to the "Categories" page                                                   # com.itfac.qa.stepDefinitions.ui.CategoryUiSteps.i_navigate_to_page(java.lang.String)
  When I click the "Edit" button for the category "CatUpdated"                              # com.itfac.qa.stepDefinitions.ui.CategoryUiSteps.i_click_action_for_category(java.lang.String,java.lang.String)
  And I enter "ThisNameIsTooLong" in the category name field                                # com.itfac.qa.stepDefinitions.ui.CategoryUiSteps.i_enter_name(java.lang.String)
  And I click the "Save" button                                                             # com.itfac.qa.stepDefinitions.ui.CategoryUiSteps.i_click_button(java.lang.String)
  Then I should see a validation error "Category name must be between 3 and 10 characters." # com.itfac.qa.stepDefinitions.ui.CategoryUiSteps.i_should_see_error(java.lang.String)
]]></system-out>
    <system-err><![CDATA[Feb 06, 2026 11:10:00 AM org.openqa.selenium.devtools.CdpVersionFinder findNearestMatch
WARNING: Unable to find CDP implementation matching 144
Feb 06, 2026 11:10:00 AM org.openqa.selenium.chromium.ChromiumDriver lambda$new$5
WARNING: Unable to find version of CDP to use for 144.0.7559.133. You may need to include a dependency on a specific version of the CDP using something similar to `org.seleniumhq.selenium:selenium-devtools-v86:4.16.1` where the version ("v86") matches the version of the chromium-based browser you're using and the version number of the artifact is the same as Selenium's.
]]></system-err>
  </testcase>
  <testcase name="Verify Category Edit Validation #3" classname="Category Management UI" time="3.168">
    <system-out><![CDATA[
@UI
Scenario Outline: Verify Category Edit Validation                   # src/test/resources/features/ui/Category_UI.feature:48
  Given I open the application                                      # com.itfac.qa.stepDefinitions.ui.CategoryUiSteps.i_open_the_application()
  And I am logged in as "Admin"                                     # com.itfac.qa.stepDefinitions.ui.CategoryUiSteps.i_am_logged_in_as_role(java.lang.String)
  And I navigate to the "Categories" page                           # com.itfac.qa.stepDefinitions.ui.CategoryUiSteps.i_navigate_to_page(java.lang.String)
  When I click the "Edit" button for the category "CatUpdated"      # com.itfac.qa.stepDefinitions.ui.CategoryUiSteps.i_click_action_for_category(java.lang.String,java.lang.String)
  And I enter "" in the category name field                         # com.itfac.qa.stepDefinitions.ui.CategoryUiSteps.i_enter_name(java.lang.String)
  And I click the "Save" button                                     # com.itfac.qa.stepDefinitions.ui.CategoryUiSteps.i_click_button(java.lang.String)
  Then I should see a validation error "Category name is required." # com.itfac.qa.stepDefinitions.ui.CategoryUiSteps.i_should_see_error(java.lang.String)
]]></system-out>
    <system-err><![CDATA[Feb 06, 2026 11:10:03 AM org.openqa.selenium.devtools.CdpVersionFinder findNearestMatch
WARNING: Unable to find CDP implementation matching 144
Feb 06, 2026 11:10:03 AM org.openqa.selenium.chromium.ChromiumDriver lambda$new$5
WARNING: Unable to find version of CDP to use for 144.0.7559.133. You may need to include a dependency on a specific version of the CDP using something similar to `org.seleniumhq.selenium:selenium-devtools-v86:4.16.1` where the version ("v86") matches the version of the chromium-based browser you're using and the version number of the artifact is the same as Selenium's.
]]></system-err>
  </testcase>
  <testcase name="Verify Admin can Cancel editing" classname="Category Management UI" time="3.074">
    <system-out><![CDATA[
@UI
Scenario: Verify Admin can Cancel editing                      # src/test/resources/features/ui/Category_UI.feature:50
  Given I open the application                                 # com.itfac.qa.stepDefinitions.ui.CategoryUiSteps.i_open_the_application()
  And I am logged in as "Admin"                                # com.itfac.qa.stepDefinitions.ui.CategoryUiSteps.i_am_logged_in_as_role(java.lang.String)
  And I navigate to the "Categories" page                      # com.itfac.qa.stepDefinitions.ui.CategoryUiSteps.i_navigate_to_page(java.lang.String)
  When I click the "Edit" button for the category "CatUpdated" # com.itfac.qa.stepDefinitions.ui.CategoryUiSteps.i_click_action_for_category(java.lang.String,java.lang.String)
  And I click the "Cancel" button                              # com.itfac.qa.stepDefinitions.ui.CategoryUiSteps.i_click_button(java.lang.String)
  Then I should see the "Add Category" button                  # com.itfac.qa.stepDefinitions.ui.CategoryUiSteps.i_should_see_button(java.lang.String)
]]></system-out>
    <system-err><![CDATA[Feb 06, 2026 11:10:06 AM org.openqa.selenium.devtools.CdpVersionFinder findNearestMatch
WARNING: Unable to find CDP implementation matching 144
Feb 06, 2026 11:10:06 AM org.openqa.selenium.chromium.ChromiumDriver lambda$new$5
WARNING: Unable to find version of CDP to use for 144.0.7559.133. You may need to include a dependency on a specific version of the CDP using something similar to `org.seleniumhq.selenium:selenium-devtools-v86:4.16.1` where the version ("v86") matches the version of the chromium-based browser you're using and the version number of the artifact is the same as Selenium's.
]]></system-err>
  </testcase>
  <testcase name="Verify Admin can Delete a category" classname="Category Management UI" time="2.741">
    <system-out><![CDATA[
@UI
Scenario: Verify Admin can Delete a category                          # src/test/resources/features/ui/Category_UI.feature:56
  Given I open the application                                        # com.itfac.qa.stepDefinitions.ui.CategoryUiSteps.i_open_the_application()
  And I am logged in as "Admin"                                       # com.itfac.qa.stepDefinitions.ui.CategoryUiSteps.i_am_logged_in_as_role(java.lang.String)
  And I navigate to the "Categories" page                             # com.itfac.qa.stepDefinitions.ui.CategoryUiSteps.i_navigate_to_page(java.lang.String)
  When I click the "Delete" button for the category "CatUpdated"      # com.itfac.qa.stepDefinitions.ui.CategoryUiSteps.i_click_action_for_category(java.lang.String,java.lang.String)
  And I accept the delete confirmation                                # com.itfac.qa.stepDefinitions.ui.CategoryUiSteps.i_accept_alert()
  Then I should see a success message "Category deleted successfully" # com.itfac.qa.stepDefinitions.ui.CategoryUiSteps.i_should_see_success(java.lang.String)
]]></system-out>
    <system-err><![CDATA[Feb 06, 2026 11:10:09 AM org.openqa.selenium.devtools.CdpVersionFinder findNearestMatch
WARNING: Unable to find CDP implementation matching 144
Feb 06, 2026 11:10:09 AM org.openqa.selenium.chromium.ChromiumDriver lambda$new$5
WARNING: Unable to find version of CDP to use for 144.0.7559.133. You may need to include a dependency on a specific version of the CDP using something similar to `org.seleniumhq.selenium:selenium-devtools-v86:4.16.1` where the version ("v86") matches the version of the chromium-based browser you're using and the version number of the artifact is the same as Selenium's.
]]></system-err>
  </testcase>
  <testcase name="Verify Search functionality #1" classname="Category Management UI" time="2.649">
    <system-out><![CDATA[
@UI @Regression
Scenario Outline: Verify Search functionality        # src/test/resources/features/ui/Category_UI.feature:71
  Given I open the application                       # com.itfac.qa.stepDefinitions.ui.CategoryUiSteps.i_open_the_application()
  And I am logged in as "Admin"                      # com.itfac.qa.stepDefinitions.ui.CategoryUiSteps.i_am_logged_in_as_role(java.lang.String)
  And I navigate to the "Categories" page            # com.itfac.qa.stepDefinitions.ui.CategoryUiSteps.i_navigate_to_page(java.lang.String)
  When I enter "Anthurium" in the search box         # com.itfac.qa.stepDefinitions.ui.CategoryUiSteps.i_enter_search(java.lang.String)
  And I click the search button                      # com.itfac.qa.stepDefinitions.ui.CategoryUiSteps.i_click_search()
  Then I should see "Anthurium" in the category list # com.itfac.qa.stepDefinitions.ui.CategoryUiSteps.i_should_see_in_list(java.lang.String)
]]></system-out>
    <system-err><![CDATA[Feb 06, 2026 11:10:12 AM org.openqa.selenium.devtools.CdpVersionFinder findNearestMatch
WARNING: Unable to find CDP implementation matching 144
Feb 06, 2026 11:10:12 AM org.openqa.selenium.chromium.ChromiumDriver lambda$new$5
WARNING: Unable to find version of CDP to use for 144.0.7559.133. You may need to include a dependency on a specific version of the CDP using something similar to `org.seleniumhq.selenium:selenium-devtools-v86:4.16.1` where the version ("v86") matches the version of the chromium-based browser you're using and the version number of the artifact is the same as Selenium's.
]]></system-err>
  </testcase>
  <testcase name="Verify Search functionality #2" classname="Category Management UI" time="2.814">
    <system-out><![CDATA[
@UI @Regression
Scenario Outline: Verify Search functionality                # src/test/resources/features/ui/Category_UI.feature:72
  Given I open the application                               # com.itfac.qa.stepDefinitions.ui.CategoryUiSteps.i_open_the_application()
  And I am logged in as "Admin"                              # com.itfac.qa.stepDefinitions.ui.CategoryUiSteps.i_am_logged_in_as_role(java.lang.String)
  And I navigate to the "Categories" page                    # com.itfac.qa.stepDefinitions.ui.CategoryUiSteps.i_navigate_to_page(java.lang.String)
  When I enter "InvalidCat" in the search box                # com.itfac.qa.stepDefinitions.ui.CategoryUiSteps.i_enter_search(java.lang.String)
  And I click the search button                              # com.itfac.qa.stepDefinitions.ui.CategoryUiSteps.i_click_search()
  Then I should see "No category found" in the category list # com.itfac.qa.stepDefinitions.ui.CategoryUiSteps.i_should_see_in_list(java.lang.String)
]]></system-out>
    <system-err><![CDATA[Feb 06, 2026 11:10:14 AM org.openqa.selenium.devtools.CdpVersionFinder findNearestMatch
WARNING: Unable to find CDP implementation matching 144
Feb 06, 2026 11:10:14 AM org.openqa.selenium.chromium.ChromiumDriver lambda$new$5
WARNING: Unable to find version of CDP to use for 144.0.7559.133. You may need to include a dependency on a specific version of the CDP using something similar to `org.seleniumhq.selenium:selenium-devtools-v86:4.16.1` where the version ("v86") matches the version of the chromium-based browser you're using and the version number of the artifact is the same as Selenium's.
]]></system-err>
  </testcase>
  <testcase name="Verify User (Non-Admin) cannot see management buttons" classname="Category Management UI" time="3.383">
    <system-out><![CDATA[
@UI
Scenario: Verify User (Non-Admin) cannot see management buttons # src/test/resources/features/ui/Category_UI.feature:74
  Given I open the application                                  # com.itfac.qa.stepDefinitions.ui.CategoryUiSteps.i_open_the_application()
  And I am logged in as "Admin"                                 # com.itfac.qa.stepDefinitions.ui.CategoryUiSteps.i_am_logged_in_as_role(java.lang.String)
  And I navigate to the "Categories" page                       # com.itfac.qa.stepDefinitions.ui.CategoryUiSteps.i_navigate_to_page(java.lang.String)
  Given I click the "Logout" button                             # com.itfac.qa.stepDefinitions.ui.CategoryUiSteps.i_click_button(java.lang.String)
  And I am logged in as "User"                                  # com.itfac.qa.stepDefinitions.ui.CategoryUiSteps.i_am_logged_in_as_role(java.lang.String)
  When I navigate to the "Categories" page                      # com.itfac.qa.stepDefinitions.ui.CategoryUiSteps.i_navigate_to_page(java.lang.String)
  Then I should not see the "Add Category" button               # com.itfac.qa.stepDefinitions.ui.CategoryUiSteps.i_should_not_see_button(java.lang.String)
  And I should not see the "Delete" buttons                     # com.itfac.qa.stepDefinitions.ui.CategoryUiSteps.i_should_not_see_delete_buttons(java.lang.String)
]]></system-out>
    <system-err><![CDATA[Feb 06, 2026 11:10:17 AM org.openqa.selenium.devtools.CdpVersionFinder findNearestMatch
WARNING: Unable to find CDP implementation matching 144
Feb 06, 2026 11:10:17 AM org.openqa.selenium.chromium.ChromiumDriver lambda$new$5
WARNING: Unable to find version of CDP to use for 144.0.7559.133. You may need to include a dependency on a specific version of the CDP using something similar to `org.seleniumhq.selenium:selenium-devtools-v86:4.16.1` where the version ("v86") matches the version of the chromium-based browser you're using and the version number of the artifact is the same as Selenium's.
]]></system-err>
  </testcase>
</testsuite>