<?xml version="1.0" encoding="UTF-8"?>
<testsuite xmlns:xsi="http://www.w3.org/2001/XMLSchema-instance" xsi:noNamespaceSchemaLocation="https://maven.apache.org/surefire/maven-surefire-plugin/xsd/surefire-test-report-3.0.xsd" version="3.0" name="com.itfac.qa.runners.TestRunner" time="9.066" tests="8" errors="3" skipped="0" failures="5">
  <properties>
[...]
</properties>
  <testcase name="Verify GET all categories returns 200 OK" classname="Category Management API" time="6.829">
    <failure message="expected:&lt;200&gt; but was:&lt;401&gt;" type="java.lang.AssertionError"><![CDATA[java.lang.AssertionError: expected:<200> but was:<401>
	at org.junit.Assert.fail(Assert.java:89)
	at org.junit.Assert.failNotEquals(Assert.java:835)
	at org.junit.Assert.assertEquals(Assert.java:647)
	at org.junit.Assert.assertEquals(Assert.java:633)
	at com.itfac.qa.stepDefinitions.api.CategoryApiSteps.status_code_should_be(CategoryApiSteps.java:56)
	at ✽.the response status code should be 200(file:///D:/Aca/L4S1/QA/Assessment/ITFac_Batch21_Group65/src/test/resources/features/api/Category_API.feature:11)
]]></failure>
    <system-out><![CDATA[
@API
Scenario: Verify GET all categories returns 200 OK      # src/test/resources/features/api/Category_API.feature:9
  Given I have a valid authentication token for "admin" # com.itfac.qa.stepDefinitions.api.CategoryApiSteps.i_have_token(java.lang.String)
  When I send a GET request to "/api/categories"        # com.itfac.qa.stepDefinitions.api.CategoryApiSteps.i_send_get(java.lang.String)
  Then the response status code should be 200           # com.itfac.qa.stepDefinitions.api.CategoryApiSteps.status_code_should_be(int)
      java.lang.AssertionError: expected:<200> but was:<401>
	at org.junit.Assert.fail(Assert.java:89)
	at org.junit.Assert.failNotEquals(Assert.java:835)
	at org.junit.Assert.assertEquals(Assert.java:647)
	at org.junit.Assert.assertEquals(Assert.java:633)
	at com.itfac.qa.stepDefinitions.api.CategoryApiSteps.status_code_should_be(CategoryApiSteps.java:56)
	at ✽.the response status code should be 200(file:///D:/Aca/L4S1/QA/Assessment/ITFac_Batch21_Group65/src/test/resources/features/api/Category_API.feature:11)

  And the response should contain a list of categories  # com.itfac.qa.stepDefinitions.api.CategoryApiSteps.response_contains_list()
]]></system-out>
  </testcase>
  <testcase name="Verify POST create category success" classname="Category Management API" time="0.091">
    <failure message="expected:&lt;201&gt; but was:&lt;401&gt;" type="java.lang.AssertionError"><![CDATA[java.lang.AssertionError: expected:<201> but was:<401>
	at org.junit.Assert.fail(Assert.java:89)
	at org.junit.Assert.failNotEquals(Assert.java:835)
	at org.junit.Assert.assertEquals(Assert.java:647)
	at org.junit.Assert.assertEquals(Assert.java:633)
	at com.itfac.qa.stepDefinitions.api.CategoryApiSteps.status_code_should_be(CategoryApiSteps.java:56)
	at ✽.the response status code should be 201(file:///D:/Aca/L4S1/QA/Assessment/ITFac_Batch21_Group65/src/test/resources/features/api/Category_API.feature:18)
]]></failure>
    <system-out><![CDATA[
@API
Scenario: Verify POST create category success                              # src/test/resources/features/api/Category_API.feature:14
  Given I have a valid authentication token for "admin"                    # com.itfac.qa.stepDefinitions.api.CategoryApiSteps.i_have_token(java.lang.String)
  When I send a POST request to "/api/categories" with the following body: # com.itfac.qa.stepDefinitions.api.CategoryApiSteps.i_send_post(java.lang.String,io.cucumber.datatable.DataTable)
    | name   | validCat |
    | parent | [empty]  |
  Then the response status code should be 201                              # com.itfac.qa.stepDefinitions.api.CategoryApiSteps.status_code_should_be(int)
      java.lang.AssertionError: expected:<201> but was:<401>
	at org.junit.Assert.fail(Assert.java:89)
	at org.junit.Assert.failNotEquals(Assert.java:835)
	at org.junit.Assert.assertEquals(Assert.java:647)
	at org.junit.Assert.assertEquals(Assert.java:633)
	at com.itfac.qa.stepDefinitions.api.CategoryApiSteps.status_code_should_be(CategoryApiSteps.java:56)
	at ✽.the response status code should be 201(file:///D:/Aca/L4S1/QA/Assessment/ITFac_Batch21_Group65/src/test/resources/features/api/Category_API.feature:18)

  And the response body should contain "name" with value "validCat"        # com.itfac.qa.stepDefinitions.api.CategoryApiSteps.body_contains(java.lang.String,java.lang.String)
]]></system-out>
  </testcase>
  <testcase name="Verify POST create category validations (Negative) #1" classname="Category Management API" time="0.079">
    <failure message="expected:&lt;400&gt; but was:&lt;401&gt;" type="java.lang.AssertionError"><![CDATA[java.lang.AssertionError: expected:<400> but was:<401>
	at org.junit.Assert.fail(Assert.java:89)
	at org.junit.Assert.failNotEquals(Assert.java:835)
	at org.junit.Assert.assertEquals(Assert.java:647)
	at org.junit.Assert.assertEquals(Assert.java:633)
	at com.itfac.qa.stepDefinitions.api.CategoryApiSteps.status_code_should_be(CategoryApiSteps.java:56)
	at ✽.the response status code should be 400(file:///D:/Aca/L4S1/QA/Assessment/ITFac_Batch21_Group65/src/test/resources/features/api/Category_API.feature:24)
]]></failure>
    <system-out><![CDATA[
@API
Scenario Outline: Verify POST create category validations (Negative)       # src/test/resources/features/api/Category_API.feature:28
  Given I have a valid authentication token for "admin"                    # com.itfac.qa.stepDefinitions.api.CategoryApiSteps.i_have_token(java.lang.String)
  When I send a POST request to "/api/categories" with the following body: # com.itfac.qa.stepDefinitions.api.CategoryApiSteps.i_send_post(java.lang.String,io.cucumber.datatable.DataTable)
    | name | AB |
  Then the response status code should be 400                              # com.itfac.qa.stepDefinitions.api.CategoryApiSteps.status_code_should_be(int)
      java.lang.AssertionError: expected:<400> but was:<401>
	at org.junit.Assert.fail(Assert.java:89)
	at org.junit.Assert.failNotEquals(Assert.java:835)
	at org.junit.Assert.assertEquals(Assert.java:647)
	at org.junit.Assert.assertEquals(Assert.java:633)
	at com.itfac.qa.stepDefinitions.api.CategoryApiSteps.status_code_should_be(CategoryApiSteps.java:56)
	at ✽.the response status code should be 400(file:///D:/Aca/L4S1/QA/Assessment/ITFac_Batch21_Group65/src/test/resources/features/api/Category_API.feature:24)

]]></system-out>
  </testcase>
  <testcase name="Verify POST create category validations (Negative) #2" classname="Category Management API" time="0.107">
    <failure message="expected:&lt;400&gt; but was:&lt;401&gt;" type="java.lang.AssertionError"><![CDATA[java.lang.AssertionError: expected:<400> but was:<401>
	at org.junit.Assert.fail(Assert.java:89)
	at org.junit.Assert.failNotEquals(Assert.java:835)
	at org.junit.Assert.assertEquals(Assert.java:647)
	at org.junit.Assert.assertEquals(Assert.java:633)
	at com.itfac.qa.stepDefinitions.api.CategoryApiSteps.status_code_should_be(CategoryApiSteps.java:56)
	at ✽.the response status code should be 400(file:///D:/Aca/L4S1/QA/Assessment/ITFac_Batch21_Group65/src/test/resources/features/api/Category_API.feature:24)
]]></failure>
    <system-out><![CDATA[
@API
Scenario Outline: Verify POST create category validations (Negative)       # src/test/resources/features/api/Category_API.feature:29
  Given I have a valid authentication token for "admin"                    # com.itfac.qa.stepDefinitions.api.CategoryApiSteps.i_have_token(java.lang.String)
  When I send a POST request to "/api/categories" with the following body: # com.itfac.qa.stepDefinitions.api.CategoryApiSteps.i_send_post(java.lang.String,io.cucumber.datatable.DataTable)
    | name | VeryLongName1 |
  Then the response status code should be 400                              # com.itfac.qa.stepDefinitions.api.CategoryApiSteps.status_code_should_be(int)
      java.lang.AssertionError: expected:<400> but was:<401>
	at org.junit.Assert.fail(Assert.java:89)
	at org.junit.Assert.failNotEquals(Assert.java:835)
	at org.junit.Assert.assertEquals(Assert.java:647)
	at org.junit.Assert.assertEquals(Assert.java:633)
	at com.itfac.qa.stepDefinitions.api.CategoryApiSteps.status_code_should_be(CategoryApiSteps.java:56)
	at ✽.the response status code should be 400(file:///D:/Aca/L4S1/QA/Assessment/ITFac_Batch21_Group65/src/test/resources/features/api/Category_API.feature:24)

]]></system-out>
  </testcase>
  <testcase name="Verify POST create category validations (Negative) #3" classname="Category Management API" time="0.131">
    <failure message="expected:&lt;400&gt; but was:&lt;401&gt;" type="java.lang.AssertionError"><![CDATA[java.lang.AssertionError: expected:<400> but was:<401>
	at org.junit.Assert.fail(Assert.java:89)
	at org.junit.Assert.failNotEquals(Assert.java:835)
	at org.junit.Assert.assertEquals(Assert.java:647)
	at org.junit.Assert.assertEquals(Assert.java:633)
	at com.itfac.qa.stepDefinitions.api.CategoryApiSteps.status_code_should_be(CategoryApiSteps.java:56)
	at ✽.the response status code should be 400(file:///D:/Aca/L4S1/QA/Assessment/ITFac_Batch21_Group65/src/test/resources/features/api/Category_API.feature:24)
]]></failure>
    <system-out><![CDATA[
@API
Scenario Outline: Verify POST create category validations (Negative)       # src/test/resources/features/api/Category_API.feature:30
  Given I have a valid authentication token for "admin"                    # com.itfac.qa.stepDefinitions.api.CategoryApiSteps.i_have_token(java.lang.String)
  When I send a POST request to "/api/categories" with the following body: # com.itfac.qa.stepDefinitions.api.CategoryApiSteps.i_send_post(java.lang.String,io.cucumber.datatable.DataTable)
    | name | [empty] |
  Then the response status code should be 400                              # com.itfac.qa.stepDefinitions.api.CategoryApiSteps.status_code_should_be(int)
      java.lang.AssertionError: expected:<400> but was:<401>
	at org.junit.Assert.fail(Assert.java:89)
	at org.junit.Assert.failNotEquals(Assert.java:835)
	at org.junit.Assert.assertEquals(Assert.java:647)
	at org.junit.Assert.assertEquals(Assert.java:633)
	at com.itfac.qa.stepDefinitions.api.CategoryApiSteps.status_code_should_be(CategoryApiSteps.java:56)
	at ✽.the response status code should be 400(file:///D:/Aca/L4S1/QA/Assessment/ITFac_Batch21_Group65/src/test/resources/features/api/Category_API.feature:24)

]]></system-out>
  </testcase>
  <testcase name="Verify PUT update category success" classname="Category Management API" time="0.133">
    <error message="Cannot invoke &quot;java.lang.Integer.intValue()&quot; because the return value of &quot;io.restassured.internal.common.path.ObjectConverter.convertObjectTo(Object, java.lang.Class)&quot; is null" type="java.lang.NullPointerException"><![CDATA[java.lang.NullPointerException: Cannot invoke "java.lang.Integer.intValue()" because the return value of "io.restassured.internal.common.path.ObjectConverter.convertObjectTo(Object, java.lang.Class)" is null
	at io.restassured.path.json.JsonPath.getInt(JsonPath.java:245)
	at com.itfac.qa.stepDefinitions.api.CategoryApiSteps.category_exists(CategoryApiSteps.java:96)
	at ✽.a category exists with name "ToUpdate"(file:///D:/Aca/L4S1/QA/Assessment/ITFac_Batch21_Group65/src/test/resources/features/api/Category_API.feature:33)
]]></error>
    <system-out><![CDATA[
@API
Scenario: Verify PUT update category success                                 # src/test/resources/features/api/Category_API.feature:32
  Given I have a valid authentication token for "admin"                      # com.itfac.qa.stepDefinitions.api.CategoryApiSteps.i_have_token(java.lang.String)
  Given a category exists with name "ToUpdate"                               # com.itfac.qa.stepDefinitions.api.CategoryApiSteps.category_exists(java.lang.String)
      java.lang.NullPointerException: Cannot invoke "java.lang.Integer.intValue()" because the return value of "io.restassured.internal.common.path.ObjectConverter.convertObjectTo(Object, java.lang.Class)" is null
	at io.restassured.path.json.JsonPath.getInt(JsonPath.java:245)
	at com.itfac.qa.stepDefinitions.api.CategoryApiSteps.category_exists(CategoryApiSteps.java:96)
	at ✽.a category exists with name "ToUpdate"(file:///D:/Aca/L4S1/QA/Assessment/ITFac_Batch21_Group65/src/test/resources/features/api/Category_API.feature:33)

  When I send a PUT request to update the category with name "UpdatedViaAPI" # com.itfac.qa.stepDefinitions.api.CategoryApiSteps.i_send_put(java.lang.String)
  Then the response status code should be 200                                # com.itfac.qa.stepDefinitions.api.CategoryApiSteps.status_code_should_be(int)
  And the response body should contain "name" with value "UpdatedViaAPI"     # com.itfac.qa.stepDefinitions.api.CategoryApiSteps.body_contains(java.lang.String,java.lang.String)
]]></system-out>
  </testcase>
  <testcase name="Verify DELETE category success" classname="Category Management API" time="0.136">
    <error message="Cannot invoke &quot;java.lang.Integer.intValue()&quot; because the return value of &quot;io.restassured.internal.common.path.ObjectConverter.convertObjectTo(Object, java.lang.Class)&quot; is null" type="java.lang.NullPointerException"><![CDATA[java.lang.NullPointerException: Cannot invoke "java.lang.Integer.intValue()" because the return value of "io.restassured.internal.common.path.ObjectConverter.convertObjectTo(Object, java.lang.Class)" is null
	at io.restassured.path.json.JsonPath.getInt(JsonPath.java:245)
	at com.itfac.qa.stepDefinitions.api.CategoryApiSteps.category_exists(CategoryApiSteps.java:96)
	at ✽.a category exists with name "ToDelete"(file:///D:/Aca/L4S1/QA/Assessment/ITFac_Batch21_Group65/src/test/resources/features/api/Category_API.feature:39)
]]></error>
    <system-out><![CDATA[
@API
Scenario: Verify DELETE category success                # src/test/resources/features/api/Category_API.feature:38
  Given I have a valid authentication token for "admin" # com.itfac.qa.stepDefinitions.api.CategoryApiSteps.i_have_token(java.lang.String)
  Given a category exists with name "ToDelete"          # com.itfac.qa.stepDefinitions.api.CategoryApiSteps.category_exists(java.lang.String)
      java.lang.NullPointerException: Cannot invoke "java.lang.Integer.intValue()" because the return value of "io.restassured.internal.common.path.ObjectConverter.convertObjectTo(Object, java.lang.Class)" is null
	at io.restassured.path.json.JsonPath.getInt(JsonPath.java:245)
	at com.itfac.qa.stepDefinitions.api.CategoryApiSteps.category_exists(CategoryApiSteps.java:96)
	at ✽.a category exists with name "ToDelete"(file:///D:/Aca/L4S1/QA/Assessment/ITFac_Batch21_Group65/src/test/resources/features/api/Category_API.feature:39)

  When I send a DELETE request for that category        # com.itfac.qa.stepDefinitions.api.CategoryApiSteps.i_send_delete()
  Then the response status code should be 204           # com.itfac.qa.stepDefinitions.api.CategoryApiSteps.status_code_should_be(int)
]]></system-out>
  </testcase>
  <testcase name="Verify RBAC - User cannot Delete Category" classname="Category Management API" time="0.24">
    <error message="Cannot invoke &quot;java.lang.Integer.intValue()&quot; because the return value of &quot;io.restassured.internal.common.path.ObjectConverter.convertObjectTo(Object, java.lang.Class)&quot; is null" type="java.lang.NullPointerException"><![CDATA[java.lang.NullPointerException: Cannot invoke "java.lang.Integer.intValue()" because the return value of "io.restassured.internal.common.path.ObjectConverter.convertObjectTo(Object, java.lang.Class)" is null
	at io.restassured.path.json.JsonPath.getInt(JsonPath.java:245)
	at com.itfac.qa.stepDefinitions.api.CategoryApiSteps.category_exists_admin_context(CategoryApiSteps.java:115)
	at ✽.a category exists with name "UserTryDelete" (created by admin)(file:///D:/Aca/L4S1/QA/Assessment/ITFac_Batch21_Group65/src/test/resources/features/api/Category_API.feature:45)
]]></error>
    <system-out><![CDATA[
@API
Scenario: Verify RBAC - User cannot Delete Category                  # src/test/resources/features/api/Category_API.feature:43
  Given I have a valid authentication token for "admin"              # com.itfac.qa.stepDefinitions.api.CategoryApiSteps.i_have_token(java.lang.String)
  Given I have a valid authentication token for "user"               # com.itfac.qa.stepDefinitions.api.CategoryApiSteps.i_have_token(java.lang.String)
  And a category exists with name "UserTryDelete" (created by admin) # com.itfac.qa.stepDefinitions.api.CategoryApiSteps.category_exists_admin_context(java.lang.String)
      java.lang.NullPointerException: Cannot invoke "java.lang.Integer.intValue()" because the return value of "io.restassured.internal.common.path.ObjectConverter.convertObjectTo(Object, java.lang.Class)" is null
	at io.restassured.path.json.JsonPath.getInt(JsonPath.java:245)
	at com.itfac.qa.stepDefinitions.api.CategoryApiSteps.category_exists_admin_context(CategoryApiSteps.java:115)
	at ✽.a category exists with name "UserTryDelete" (created by admin)(file:///D:/Aca/L4S1/QA/Assessment/ITFac_Batch21_Group65/src/test/resources/features/api/Category_API.feature:45)

  When I send a DELETE request for that category                     # com.itfac.qa.stepDefinitions.api.CategoryApiSteps.i_send_delete()
  Then the response status code should be 403                        # com.itfac.qa.stepDefinitions.api.CategoryApiSteps.status_code_should_be(int)
]]></system-out>
  </testcase>
</testsuite>